TN:
SF:migrations/idle-finance/Deploy.s.sol
FN:17,DeployIdleMigrations.run
FNDA:0,DeployIdleMigrations.run
DA:19,0
DA:21,0
DA:23,0
DA:25,0
DA:27,0
FNF:1
FNH:0
LF:5
LH:0
BRF:0
BRH:0
end_of_record
TN:
SF:migrations/idle-finance/Migration.sol
FN:183,IdleMigration.migrate
FNDA:6,IdleMigration.migrate
DA:184,5
BRDA:184,0,0,-
BRDA:184,0,1,5
DA:185,0
DA:187,5
BRDA:187,1,0,-
BRDA:187,1,1,5
DA:188,0
DA:191,5
DA:195,5
DA:202,5
DA:205,5
DA:208,5
DA:209,5
DA:214,5
BRDA:214,2,0,-
BRDA:214,2,1,5
DA:217,5
DA:218,5
BRDA:218,3,0,-
BRDA:218,3,1,5
DA:219,0
DA:222,5
DA:223,5
BRDA:223,4,0,-
BRDA:223,4,1,5
DA:224,0
DA:228,5
DA:230,5
BRDA:230,5,0,-
BRDA:230,5,1,5
DA:231,0
DA:235,5
DA:238,5
DA:241,5
BRDA:241,6,0,-
BRDA:241,6,1,5
DA:242,0
DA:245,5
FN:254,IdleMigration.recoverAdmin
FNDA:3,IdleMigration.recoverAdmin
DA:255,2
BRDA:255,7,0,-
BRDA:255,7,1,2
DA:256,0
DA:259,2
BRDA:259,8,0,1
BRDA:259,8,1,1
DA:260,1
DA:264,1
DA:265,1
BRDA:265,9,0,-
BRDA:265,9,1,1
DA:266,0
DA:270,1
DA:271,1
BRDA:271,10,0,-
BRDA:271,10,1,1
DA:272,0
FN:283,IdleMigration._setBeneficiariesAndAllocations
FNDA:5,IdleMigration._setBeneficiariesAndAllocations
DA:284,5
DA:287,5
DA:289,5
DA:291,5
DA:292,5
DA:293,5
DA:294,5
DA:297,5
BRDA:297,11,0,-
BRDA:297,11,1,1
DA:298,1
DA:299,1
DA:301,1
DA:307,5
BRDA:307,12,0,-
BRDA:307,12,1,-
DA:308,0
DA:309,0
DA:310,0
DA:314,5
DA:315,5
DA:316,5
DA:319,5
DA:320,5
DA:321,5
DA:322,5
DA:325,5
BRDA:325,13,0,-
BRDA:325,13,1,1
DA:326,1
DA:327,1
BRDA:327,14,0,-
BRDA:327,14,1,1
DA:328,1
DA:329,1
DA:330,1
DA:331,1
DA:332,1
DA:333,1
DA:334,1
DA:335,1
DA:340,5
BRDA:340,15,0,-
BRDA:340,15,1,-
DA:341,0
DA:342,0
BRDA:342,16,0,-
BRDA:342,16,1,-
DA:343,0
DA:344,0
DA:345,0
DA:346,0
DA:347,0
DA:348,0
DA:349,0
DA:350,0
FN:363,IdleMigration._getSelector
FNDA:5,IdleMigration._getSelector
DA:364,5
FN:372,IdleMigration._hasDuplicate
FNDA:1,IdleMigration._hasDuplicate
DA:373,1
DA:374,5
BRDA:374,17,0,1
BRDA:374,17,1,4
DA:376,4
DA:379,0
FNF:5
FNH:5
LF:84
LH:61
BRF:36
BRH:17
end_of_record
